11-29 19:03:14 com_github_MitjaNemec_Archive3DModels.action_archive_3d_models 220:Plugin executed on: 'win32'
11-29 19:03:14 com_github_MitjaNemec_Archive3DModels.action_archive_3d_models 221:Plugin executed with python version: '3.11.5 (main, Jan 19 2024, 08:13:45) [MSC v.1936 64 bit (AMD64)]'
11-29 19:03:14 com_github_MitjaNemec_Archive3DModels.action_archive_3d_models 222:KiCad build version: 8.0.1
11-29 19:03:14 com_github_MitjaNemec_Archive3DModels.action_archive_3d_models 223:Plugin version: 1.0.12

11-29 19:03:14 com_github_MitjaNemec_Archive3DModels.action_archive_3d_models 228:Screen sizes: [wx.Size(1920, 1080)]
11-29 19:03:14 com_github_MitjaNemec_Archive3DModels.action_archive_3d_models 235:Dialog size: wx.Size(213, 81)
11-29 19:03:14 com_github_MitjaNemec_Archive3DModels.action_archive_3d_models 237:Char size: 20
11-29 19:04:45 com_github_MitjaNemec_Archive3DModels.archive_3d_models 26:Starting to archive 3D models
11-29 19:04:45 com_github_MitjaNemec_Archive3DModels.archive_3d_models 47:Getting 3D models for footprint of: R13
11-29 19:04:45 com_github_MitjaNemec_Archive3DModels.archive_3d_models 59:Trying to copy: ${KICAD8_3DMODEL_DIR}/Resistor_SMD.3dshapes/R_0603_1608Metric.wrl
11-29 19:04:45 com_github_MitjaNemec_Archive3DModels.archive_3d_models 139:Remapping: ${KICAD8_3DMODEL_DIR}/Resistor_SMD.3dshapes/R_0603_1608Metric.wrl
11-29 19:04:45 com_github_MitjaNemec_Archive3DModels.archive_3d_models 47:Getting 3D models for footprint of: R2
11-29 19:04:45 com_github_MitjaNemec_Archive3DModels.archive_3d_models 59:Trying to copy: ${KICAD8_3DMODEL_DIR}/Resistor_SMD.3dshapes/R_1206_3216Metric.wrl
11-29 19:04:45 com_github_MitjaNemec_Archive3DModels.archive_3d_models 139:Remapping: ${KICAD8_3DMODEL_DIR}/Resistor_SMD.3dshapes/R_1206_3216Metric.wrl
11-29 19:04:45 com_github_MitjaNemec_Archive3DModels.archive_3d_models 47:Getting 3D models for footprint of: C1
11-29 19:04:45 com_github_MitjaNemec_Archive3DModels.archive_3d_models 59:Trying to copy: ${KICAD8_3DMODEL_DIR}/Capacitor_SMD.3dshapes/C_0805_2012Metric.wrl
11-29 19:04:45 com_github_MitjaNemec_Archive3DModels.archive_3d_models 139:Remapping: ${KICAD8_3DMODEL_DIR}/Capacitor_SMD.3dshapes/C_0805_2012Metric.wrl
11-29 19:04:45 com_github_MitjaNemec_Archive3DModels.archive_3d_models 47:Getting 3D models for footprint of: R16
11-29 19:04:45 com_github_MitjaNemec_Archive3DModels.archive_3d_models 59:Trying to copy: ${KICAD8_3DMODEL_DIR}/Resistor_SMD.3dshapes/R_0603_1608Metric.wrl
11-29 19:04:45 com_github_MitjaNemec_Archive3DModels.archive_3d_models 139:Remapping: ${KICAD8_3DMODEL_DIR}/Resistor_SMD.3dshapes/R_0603_1608Metric.wrl
11-29 19:04:45 com_github_MitjaNemec_Archive3DModels.archive_3d_models 47:Getting 3D models for footprint of: R4
11-29 19:04:45 com_github_MitjaNemec_Archive3DModels.archive_3d_models 59:Trying to copy: ${KICAD8_3DMODEL_DIR}/Resistor_SMD.3dshapes/R_1206_3216Metric.wrl
11-29 19:04:45 com_github_MitjaNemec_Archive3DModels.archive_3d_models 139:Remapping: ${KICAD8_3DMODEL_DIR}/Resistor_SMD.3dshapes/R_1206_3216Metric.wrl
11-29 19:04:45 com_github_MitjaNemec_Archive3DModels.archive_3d_models 47:Getting 3D models for footprint of: C15
11-29 19:04:45 com_github_MitjaNemec_Archive3DModels.archive_3d_models 59:Trying to copy: ${KICAD8_3DMODEL_DIR}/Capacitor_SMD.3dshapes/CP_Elec_6.3x5.7.wrl
11-29 19:04:46 com_github_MitjaNemec_Archive3DModels.archive_3d_models 139:Remapping: ${KICAD8_3DMODEL_DIR}/Capacitor_SMD.3dshapes/CP_Elec_6.3x5.7.wrl
11-29 19:04:46 com_github_MitjaNemec_Archive3DModels.archive_3d_models 47:Getting 3D models for footprint of: R11
11-29 19:04:46 com_github_MitjaNemec_Archive3DModels.archive_3d_models 59:Trying to copy: ${KICAD8_3DMODEL_DIR}/Resistor_SMD.3dshapes/R_2512_6332Metric.wrl
11-29 19:04:46 com_github_MitjaNemec_Archive3DModels.archive_3d_models 139:Remapping: ${KICAD8_3DMODEL_DIR}/Resistor_SMD.3dshapes/R_2512_6332Metric.wrl
11-29 19:04:46 com_github_MitjaNemec_Archive3DModels.archive_3d_models 47:Getting 3D models for footprint of: R7
11-29 19:04:46 com_github_MitjaNemec_Archive3DModels.archive_3d_models 59:Trying to copy: ${KICAD8_3DMODEL_DIR}/Resistor_SMD.3dshapes/R_1206_3216Metric.wrl
11-29 19:04:46 com_github_MitjaNemec_Archive3DModels.archive_3d_models 139:Remapping: ${KICAD8_3DMODEL_DIR}/Resistor_SMD.3dshapes/R_1206_3216Metric.wrl
11-29 19:04:46 com_github_MitjaNemec_Archive3DModels.archive_3d_models 47:Getting 3D models for footprint of: C20
11-29 19:04:46 com_github_MitjaNemec_Archive3DModels.archive_3d_models 59:Trying to copy: ${KICAD8_3DMODEL_DIR}/Capacitor_SMD.3dshapes/C_0603_1608Metric.wrl
11-29 19:04:46 com_github_MitjaNemec_Archive3DModels.archive_3d_models 139:Remapping: ${KICAD8_3DMODEL_DIR}/Capacitor_SMD.3dshapes/C_0603_1608Metric.wrl
11-29 19:04:46 com_github_MitjaNemec_Archive3DModels.archive_3d_models 47:Getting 3D models for footprint of: C5
11-29 19:04:46 com_github_MitjaNemec_Archive3DModels.archive_3d_models 59:Trying to copy: ${KICAD8_3DMODEL_DIR}/Capacitor_SMD.3dshapes/C_0805_2012Metric.wrl
11-29 19:04:46 com_github_MitjaNemec_Archive3DModels.archive_3d_models 139:Remapping: ${KICAD8_3DMODEL_DIR}/Capacitor_SMD.3dshapes/C_0805_2012Metric.wrl
11-29 19:04:46 com_github_MitjaNemec_Archive3DModels.archive_3d_models 47:Getting 3D models for footprint of: C4
11-29 19:04:46 com_github_MitjaNemec_Archive3DModels.archive_3d_models 59:Trying to copy: ${KICAD8_3DMODEL_DIR}/Capacitor_SMD.3dshapes/C_0805_2012Metric.wrl
11-29 19:04:46 com_github_MitjaNemec_Archive3DModels.archive_3d_models 139:Remapping: ${KICAD8_3DMODEL_DIR}/Capacitor_SMD.3dshapes/C_0805_2012Metric.wrl
11-29 19:04:46 com_github_MitjaNemec_Archive3DModels.archive_3d_models 47:Getting 3D models for footprint of: C3
11-29 19:04:46 com_github_MitjaNemec_Archive3DModels.archive_3d_models 59:Trying to copy: ${KICAD8_3DMODEL_DIR}/Capacitor_SMD.3dshapes/C_0805_2012Metric.wrl
11-29 19:04:46 com_github_MitjaNemec_Archive3DModels.archive_3d_models 139:Remapping: ${KICAD8_3DMODEL_DIR}/Capacitor_SMD.3dshapes/C_0805_2012Metric.wrl
11-29 19:04:46 com_github_MitjaNemec_Archive3DModels.archive_3d_models 47:Getting 3D models for footprint of: Q4
11-29 19:04:46 com_github_MitjaNemec_Archive3DModels.archive_3d_models 59:Trying to copy: ${KICAD8_3DMODEL_DIR}/Package_TO_SOT_THT.3dshapes/TO-220-3_Horizontal_TabDown.wrl
11-29 19:04:46 com_github_MitjaNemec_Archive3DModels.archive_3d_models 139:Remapping: ${KICAD8_3DMODEL_DIR}/Package_TO_SOT_THT.3dshapes/TO-220-3_Horizontal_TabDown.wrl
11-29 19:04:46 com_github_MitjaNemec_Archive3DModels.archive_3d_models 47:Getting 3D models for footprint of: C19
11-29 19:04:46 com_github_MitjaNemec_Archive3DModels.archive_3d_models 59:Trying to copy: ${KICAD8_3DMODEL_DIR}/Capacitor_SMD.3dshapes/CP_Elec_6.3x5.7.wrl
11-29 19:04:46 com_github_MitjaNemec_Archive3DModels.archive_3d_models 139:Remapping: ${KICAD8_3DMODEL_DIR}/Capacitor_SMD.3dshapes/CP_Elec_6.3x5.7.wrl
11-29 19:04:46 com_github_MitjaNemec_Archive3DModels.archive_3d_models 47:Getting 3D models for footprint of: R20
11-29 19:04:46 com_github_MitjaNemec_Archive3DModels.archive_3d_models 59:Trying to copy: ${KICAD8_3DMODEL_DIR}/Resistor_SMD.3dshapes/R_0805_2012Metric.wrl
11-29 19:04:46 com_github_MitjaNemec_Archive3DModels.archive_3d_models 139:Remapping: ${KICAD8_3DMODEL_DIR}/Resistor_SMD.3dshapes/R_0805_2012Metric.wrl
11-29 19:04:46 com_github_MitjaNemec_Archive3DModels.archive_3d_models 47:Getting 3D models for footprint of: J1
11-29 19:04:46 com_github_MitjaNemec_Archive3DModels.archive_3d_models 47:Getting 3D models for footprint of: J5
11-29 19:04:46 com_github_MitjaNemec_Archive3DModels.archive_3d_models 59:Trying to copy: ${KICAD8_3DMODEL_DIR}/Connector_PinHeader_2.54mm.3dshapes/PinHeader_2x03_P2.54mm_Vertical.wrl
11-29 19:04:46 com_github_MitjaNemec_Archive3DModels.archive_3d_models 139:Remapping: ${KICAD8_3DMODEL_DIR}/Connector_PinHeader_2.54mm.3dshapes/PinHeader_2x03_P2.54mm_Vertical.wrl
11-29 19:04:46 com_github_MitjaNemec_Archive3DModels.archive_3d_models 47:Getting 3D models for footprint of: L1
11-29 19:04:46 com_github_MitjaNemec_Archive3DModels.archive_3d_models 59:Trying to copy: ${KICAD8_3DMODEL_DIR}/Inductor_SMD.3dshapes/L_7.3x7.3_H3.5.wrl
11-29 19:04:46 com_github_MitjaNemec_Archive3DModels.archive_3d_models 135:Did not copy: ${KICAD8_3DMODEL_DIR}/Inductor_SMD.3dshapes/L_7.3x7.3_H3.5.wrl
11-29 19:04:46 com_github_MitjaNemec_Archive3DModels.archive_3d_models 139:Remapping: ${KICAD8_3DMODEL_DIR}/Inductor_SMD.3dshapes/L_7.3x7.3_H3.5.wrl
11-29 19:04:46 com_github_MitjaNemec_Archive3DModels.archive_3d_models 47:Getting 3D models for footprint of: R9
11-29 19:04:46 com_github_MitjaNemec_Archive3DModels.archive_3d_models 59:Trying to copy: ${KICAD8_3DMODEL_DIR}/Resistor_SMD.3dshapes/R_0603_1608Metric.wrl
11-29 19:04:46 com_github_MitjaNemec_Archive3DModels.archive_3d_models 139:Remapping: ${KICAD8_3DMODEL_DIR}/Resistor_SMD.3dshapes/R_0603_1608Metric.wrl
11-29 19:04:46 com_github_MitjaNemec_Archive3DModels.archive_3d_models 47:Getting 3D models for footprint of: R6
11-29 19:04:46 com_github_MitjaNemec_Archive3DModels.archive_3d_models 59:Trying to copy: ${KICAD8_3DMODEL_DIR}/Resistor_SMD.3dshapes/R_1206_3216Metric.wrl
11-29 19:04:46 com_github_MitjaNemec_Archive3DModels.archive_3d_models 139:Remapping: ${KICAD8_3DMODEL_DIR}/Resistor_SMD.3dshapes/R_1206_3216Metric.wrl
11-29 19:04:46 com_github_MitjaNemec_Archive3DModels.archive_3d_models 47:Getting 3D models for footprint of: J4
11-29 19:04:46 com_github_MitjaNemec_Archive3DModels.archive_3d_models 59:Trying to copy: ${KICAD8_3DMODEL_DIR}/Connector_PinHeader_2.54mm.3dshapes/PinHeader_1x02_P2.54mm_Vertical.wrl
11-29 19:04:46 com_github_MitjaNemec_Archive3DModels.archive_3d_models 139:Remapping: ${KICAD8_3DMODEL_DIR}/Connector_PinHeader_2.54mm.3dshapes/PinHeader_1x02_P2.54mm_Vertical.wrl
11-29 19:04:46 com_github_MitjaNemec_Archive3DModels.archive_3d_models 47:Getting 3D models for footprint of: R1
11-29 19:04:46 com_github_MitjaNemec_Archive3DModels.archive_3d_models 59:Trying to copy: ${KICAD8_3DMODEL_DIR}/Resistor_SMD.3dshapes/R_1206_3216Metric.wrl
11-29 19:04:47 com_github_MitjaNemec_Archive3DModels.archive_3d_models 139:Remapping: ${KICAD8_3DMODEL_DIR}/Resistor_SMD.3dshapes/R_1206_3216Metric.wrl
11-29 19:04:47 com_github_MitjaNemec_Archive3DModels.archive_3d_models 47:Getting 3D models for footprint of: D7
11-29 19:04:47 com_github_MitjaNemec_Archive3DModels.archive_3d_models 59:Trying to copy: ${KICAD8_3DMODEL_DIR}/Resistor_SMD.3dshapes/R_0805_2012Metric.wrl
11-29 19:04:47 com_github_MitjaNemec_Archive3DModels.archive_3d_models 139:Remapping: ${KICAD8_3DMODEL_DIR}/Resistor_SMD.3dshapes/R_0805_2012Metric.wrl
11-29 19:04:47 com_github_MitjaNemec_Archive3DModels.archive_3d_models 47:Getting 3D models for footprint of: D3
11-29 19:04:47 com_github_MitjaNemec_Archive3DModels.archive_3d_models 59:Trying to copy: ${KICAD8_3DMODEL_DIR}/Diode_SMD.3dshapes/D_SOD-123.wrl
11-29 19:04:47 com_github_MitjaNemec_Archive3DModels.archive_3d_models 139:Remapping: ${KICAD8_3DMODEL_DIR}/Diode_SMD.3dshapes/D_SOD-123.wrl
11-29 19:04:47 com_github_MitjaNemec_Archive3DModels.archive_3d_models 47:Getting 3D models for footprint of: R14
11-29 19:04:47 com_github_MitjaNemec_Archive3DModels.archive_3d_models 59:Trying to copy: ${KICAD8_3DMODEL_DIR}/Resistor_SMD.3dshapes/R_0603_1608Metric.wrl
11-29 19:04:47 com_github_MitjaNemec_Archive3DModels.archive_3d_models 139:Remapping: ${KICAD8_3DMODEL_DIR}/Resistor_SMD.3dshapes/R_0603_1608Metric.wrl
11-29 19:04:47 com_github_MitjaNemec_Archive3DModels.archive_3d_models 47:Getting 3D models for footprint of: R18
11-29 19:04:47 com_github_MitjaNemec_Archive3DModels.archive_3d_models 59:Trying to copy: ${KICAD8_3DMODEL_DIR}/Resistor_SMD.3dshapes/R_0603_1608Metric.wrl
11-29 19:04:47 com_github_MitjaNemec_Archive3DModels.archive_3d_models 139:Remapping: ${KICAD8_3DMODEL_DIR}/Resistor_SMD.3dshapes/R_0603_1608Metric.wrl
11-29 19:04:47 com_github_MitjaNemec_Archive3DModels.archive_3d_models 47:Getting 3D models for footprint of: C21
11-29 19:04:47 com_github_MitjaNemec_Archive3DModels.archive_3d_models 59:Trying to copy: ${KICAD8_3DMODEL_DIR}/Capacitor_SMD.3dshapes/C_0603_1608Metric.wrl
11-29 19:04:47 com_github_MitjaNemec_Archive3DModels.archive_3d_models 139:Remapping: ${KICAD8_3DMODEL_DIR}/Capacitor_SMD.3dshapes/C_0603_1608Metric.wrl
11-29 19:04:47 com_github_MitjaNemec_Archive3DModels.archive_3d_models 47:Getting 3D models for footprint of: C25
11-29 19:04:47 com_github_MitjaNemec_Archive3DModels.archive_3d_models 59:Trying to copy: ${KICAD8_3DMODEL_DIR}/Capacitor_SMD.3dshapes/C_0805_2012Metric.wrl
11-29 19:04:47 com_github_MitjaNemec_Archive3DModels.archive_3d_models 139:Remapping: ${KICAD8_3DMODEL_DIR}/Capacitor_SMD.3dshapes/C_0805_2012Metric.wrl
11-29 19:04:47 com_github_MitjaNemec_Archive3DModels.archive_3d_models 47:Getting 3D models for footprint of: Q3
11-29 19:04:47 com_github_MitjaNemec_Archive3DModels.archive_3d_models 59:Trying to copy: ${KICAD8_3DMODEL_DIR}/Package_TO_SOT_THT.3dshapes/TO-220-3_Horizontal_TabDown.wrl
11-29 19:04:47 com_github_MitjaNemec_Archive3DModels.archive_3d_models 139:Remapping: ${KICAD8_3DMODEL_DIR}/Package_TO_SOT_THT.3dshapes/TO-220-3_Horizontal_TabDown.wrl
11-29 19:04:47 com_github_MitjaNemec_Archive3DModels.archive_3d_models 47:Getting 3D models for footprint of: C6
11-29 19:04:47 com_github_MitjaNemec_Archive3DModels.archive_3d_models 59:Trying to copy: ${KICAD8_3DMODEL_DIR}/Capacitor_SMD.3dshapes/C_0805_2012Metric.wrl
11-29 19:04:47 com_github_MitjaNemec_Archive3DModels.archive_3d_models 139:Remapping: ${KICAD8_3DMODEL_DIR}/Capacitor_SMD.3dshapes/C_0805_2012Metric.wrl
11-29 19:04:47 com_github_MitjaNemec_Archive3DModels.archive_3d_models 47:Getting 3D models for footprint of: R26
11-29 19:04:47 com_github_MitjaNemec_Archive3DModels.archive_3d_models 59:Trying to copy: ${KICAD8_3DMODEL_DIR}/Resistor_SMD.3dshapes/R_0603_1608Metric.wrl
11-29 19:04:47 com_github_MitjaNemec_Archive3DModels.archive_3d_models 139:Remapping: ${KICAD8_3DMODEL_DIR}/Resistor_SMD.3dshapes/R_0603_1608Metric.wrl
11-29 19:04:47 com_github_MitjaNemec_Archive3DModels.archive_3d_models 47:Getting 3D models for footprint of: R27
11-29 19:04:47 com_github_MitjaNemec_Archive3DModels.archive_3d_models 59:Trying to copy: ${KICAD8_3DMODEL_DIR}/Resistor_SMD.3dshapes/R_0603_1608Metric.wrl
11-29 19:04:47 com_github_MitjaNemec_Archive3DModels.archive_3d_models 139:Remapping: ${KICAD8_3DMODEL_DIR}/Resistor_SMD.3dshapes/R_0603_1608Metric.wrl
11-29 19:04:47 com_github_MitjaNemec_Archive3DModels.archive_3d_models 47:Getting 3D models for footprint of: D5
11-29 19:04:47 com_github_MitjaNemec_Archive3DModels.archive_3d_models 59:Trying to copy: ${KICAD8_3DMODEL_DIR}/Diode_SMD.3dshapes/D_SOD-123.wrl
11-29 19:04:47 com_github_MitjaNemec_Archive3DModels.archive_3d_models 139:Remapping: ${KICAD8_3DMODEL_DIR}/Diode_SMD.3dshapes/D_SOD-123.wrl
11-29 19:04:47 com_github_MitjaNemec_Archive3DModels.archive_3d_models 47:Getting 3D models for footprint of: U2
11-29 19:04:47 com_github_MitjaNemec_Archive3DModels.archive_3d_models 59:Trying to copy: ${KICAD8_3DMODEL_DIR}/Package_TO_SOT_SMD.3dshapes/SOT-23-6.wrl
11-29 19:04:47 com_github_MitjaNemec_Archive3DModels.archive_3d_models 139:Remapping: ${KICAD8_3DMODEL_DIR}/Package_TO_SOT_SMD.3dshapes/SOT-23-6.wrl
11-29 19:04:47 com_github_MitjaNemec_Archive3DModels.archive_3d_models 47:Getting 3D models for footprint of: C9
11-29 19:04:47 com_github_MitjaNemec_Archive3DModels.archive_3d_models 59:Trying to copy: ${KICAD8_3DMODEL_DIR}/Capacitor_SMD.3dshapes/C_0805_2012Metric.wrl
11-29 19:04:47 com_github_MitjaNemec_Archive3DModels.archive_3d_models 139:Remapping: ${KICAD8_3DMODEL_DIR}/Capacitor_SMD.3dshapes/C_0805_2012Metric.wrl
11-29 19:04:47 com_github_MitjaNemec_Archive3DModels.archive_3d_models 47:Getting 3D models for footprint of: Y1
11-29 19:04:47 com_github_MitjaNemec_Archive3DModels.archive_3d_models 59:Trying to copy: ${KICAD8_3DMODEL_DIR}/Crystal.3dshapes/Resonator_SMD_Murata_CSTxExxV-3Pin_3.0x1.1mm.wrl
11-29 19:04:47 com_github_MitjaNemec_Archive3DModels.archive_3d_models 139:Remapping: ${KICAD8_3DMODEL_DIR}/Crystal.3dshapes/Resonator_SMD_Murata_CSTxExxV-3Pin_3.0x1.1mm.wrl
11-29 19:04:47 com_github_MitjaNemec_Archive3DModels.archive_3d_models 47:Getting 3D models for footprint of: R5
11-29 19:04:47 com_github_MitjaNemec_Archive3DModels.archive_3d_models 59:Trying to copy: ${KICAD8_3DMODEL_DIR}/Resistor_SMD.3dshapes/R_1206_3216Metric.wrl
11-29 19:04:47 com_github_MitjaNemec_Archive3DModels.archive_3d_models 139:Remapping: ${KICAD8_3DMODEL_DIR}/Resistor_SMD.3dshapes/R_1206_3216Metric.wrl
11-29 19:04:47 com_github_MitjaNemec_Archive3DModels.archive_3d_models 47:Getting 3D models for footprint of: D6
11-29 19:04:47 com_github_MitjaNemec_Archive3DModels.archive_3d_models 59:Trying to copy: ${KICAD8_3DMODEL_DIR}/Diode_SMD.3dshapes/D_SOD-123.wrl
11-29 19:04:48 com_github_MitjaNemec_Archive3DModels.archive_3d_models 139:Remapping: ${KICAD8_3DMODEL_DIR}/Diode_SMD.3dshapes/D_SOD-123.wrl
11-29 19:04:48 com_github_MitjaNemec_Archive3DModels.archive_3d_models 47:Getting 3D models for footprint of: U3
11-29 19:04:48 com_github_MitjaNemec_Archive3DModels.archive_3d_models 59:Trying to copy: ${KICAD8_3DMODEL_DIR}/Package_QFP.3dshapes/TQFP-32_7x7mm_P0.8mm.wrl
11-29 19:04:48 com_github_MitjaNemec_Archive3DModels.archive_3d_models 139:Remapping: ${KICAD8_3DMODEL_DIR}/Package_QFP.3dshapes/TQFP-32_7x7mm_P0.8mm.wrl
11-29 19:04:48 com_github_MitjaNemec_Archive3DModels.archive_3d_models 47:Getting 3D models for footprint of: C13
11-29 19:04:48 com_github_MitjaNemec_Archive3DModels.archive_3d_models 59:Trying to copy: ${KICAD8_3DMODEL_DIR}/Capacitor_SMD.3dshapes/C_0805_2012Metric.wrl
11-29 19:04:48 com_github_MitjaNemec_Archive3DModels.archive_3d_models 139:Remapping: ${KICAD8_3DMODEL_DIR}/Capacitor_SMD.3dshapes/C_0805_2012Metric.wrl
11-29 19:04:48 com_github_MitjaNemec_Archive3DModels.archive_3d_models 47:Getting 3D models for footprint of: Q2
11-29 19:04:48 com_github_MitjaNemec_Archive3DModels.archive_3d_models 59:Trying to copy: ${KICAD8_3DMODEL_DIR}/Package_TO_SOT_THT.3dshapes/TO-220-3_Horizontal_TabDown.wrl
11-29 19:04:48 com_github_MitjaNemec_Archive3DModels.archive_3d_models 139:Remapping: ${KICAD8_3DMODEL_DIR}/Package_TO_SOT_THT.3dshapes/TO-220-3_Horizontal_TabDown.wrl
11-29 19:04:48 com_github_MitjaNemec_Archive3DModels.archive_3d_models 47:Getting 3D models for footprint of: J3
11-29 19:04:48 com_github_MitjaNemec_Archive3DModels.archive_3d_models 59:Trying to copy: ${KICAD8_3DMODEL_DIR}/Connector_PinHeader_2.54mm.3dshapes/PinHeader_1x09_P2.54mm_Vertical.wrl
11-29 19:04:48 com_github_MitjaNemec_Archive3DModels.archive_3d_models 139:Remapping: ${KICAD8_3DMODEL_DIR}/Connector_PinHeader_2.54mm.3dshapes/PinHeader_1x09_P2.54mm_Vertical.wrl
11-29 19:04:48 com_github_MitjaNemec_Archive3DModels.archive_3d_models 47:Getting 3D models for footprint of: D1
11-29 19:04:48 com_github_MitjaNemec_Archive3DModels.archive_3d_models 59:Trying to copy: ${KICAD8_3DMODEL_DIR}/Diode_SMD.3dshapes/D_SMA.wrl
11-29 19:04:48 com_github_MitjaNemec_Archive3DModels.archive_3d_models 139:Remapping: ${KICAD8_3DMODEL_DIR}/Diode_SMD.3dshapes/D_SMA.wrl
11-29 19:04:48 com_github_MitjaNemec_Archive3DModels.archive_3d_models 47:Getting 3D models for footprint of: R21
11-29 19:04:48 com_github_MitjaNemec_Archive3DModels.archive_3d_models 59:Trying to copy: ${KICAD8_3DMODEL_DIR}/Resistor_SMD.3dshapes/R_0603_1608Metric.wrl
11-29 19:04:48 com_github_MitjaNemec_Archive3DModels.archive_3d_models 139:Remapping: ${KICAD8_3DMODEL_DIR}/Resistor_SMD.3dshapes/R_0603_1608Metric.wrl
11-29 19:04:48 com_github_MitjaNemec_Archive3DModels.archive_3d_models 47:Getting 3D models for footprint of: R12
11-29 19:04:48 com_github_MitjaNemec_Archive3DModels.archive_3d_models 59:Trying to copy: ${KICAD8_3DMODEL_DIR}/Resistor_SMD.3dshapes/R_0603_1608Metric.wrl
11-29 19:04:48 com_github_MitjaNemec_Archive3DModels.archive_3d_models 139:Remapping: ${KICAD8_3DMODEL_DIR}/Resistor_SMD.3dshapes/R_0603_1608Metric.wrl
11-29 19:04:48 com_github_MitjaNemec_Archive3DModels.archive_3d_models 47:Getting 3D models for footprint of: C26
11-29 19:04:48 com_github_MitjaNemec_Archive3DModels.archive_3d_models 59:Trying to copy: ${KICAD8_3DMODEL_DIR}/Capacitor_SMD.3dshapes/C_0603_1608Metric.wrl
11-29 19:04:48 com_github_MitjaNemec_Archive3DModels.archive_3d_models 139:Remapping: ${KICAD8_3DMODEL_DIR}/Capacitor_SMD.3dshapes/C_0603_1608Metric.wrl
11-29 19:04:48 com_github_MitjaNemec_Archive3DModels.archive_3d_models 47:Getting 3D models for footprint of: R15
11-29 19:04:48 com_github_MitjaNemec_Archive3DModels.archive_3d_models 59:Trying to copy: ${KICAD8_3DMODEL_DIR}/Resistor_SMD.3dshapes/R_0603_1608Metric.wrl
11-29 19:04:48 com_github_MitjaNemec_Archive3DModels.archive_3d_models 139:Remapping: ${KICAD8_3DMODEL_DIR}/Resistor_SMD.3dshapes/R_0603_1608Metric.wrl
11-29 19:04:48 com_github_MitjaNemec_Archive3DModels.archive_3d_models 47:Getting 3D models for footprint of: C2
11-29 19:04:48 com_github_MitjaNemec_Archive3DModels.archive_3d_models 59:Trying to copy: ${KICAD8_3DMODEL_DIR}/Capacitor_SMD.3dshapes/C_0805_2012Metric.wrl
11-29 19:04:48 com_github_MitjaNemec_Archive3DModels.archive_3d_models 139:Remapping: ${KICAD8_3DMODEL_DIR}/Capacitor_SMD.3dshapes/C_0805_2012Metric.wrl
11-29 19:04:48 com_github_MitjaNemec_Archive3DModels.archive_3d_models 47:Getting 3D models for footprint of: C8
11-29 19:04:48 com_github_MitjaNemec_Archive3DModels.archive_3d_models 59:Trying to copy: ${KICAD8_3DMODEL_DIR}/Capacitor_SMD.3dshapes/CP_Elec_6.3x5.7.wrl
11-29 19:04:48 com_github_MitjaNemec_Archive3DModels.archive_3d_models 139:Remapping: ${KICAD8_3DMODEL_DIR}/Capacitor_SMD.3dshapes/CP_Elec_6.3x5.7.wrl
11-29 19:04:48 com_github_MitjaNemec_Archive3DModels.archive_3d_models 47:Getting 3D models for footprint of: R24
11-29 19:04:48 com_github_MitjaNemec_Archive3DModels.archive_3d_models 59:Trying to copy: ${KICAD8_3DMODEL_DIR}/Resistor_SMD.3dshapes/R_0603_1608Metric.wrl
11-29 19:04:48 com_github_MitjaNemec_Archive3DModels.archive_3d_models 139:Remapping: ${KICAD8_3DMODEL_DIR}/Resistor_SMD.3dshapes/R_0603_1608Metric.wrl
11-29 19:04:48 com_github_MitjaNemec_Archive3DModels.archive_3d_models 47:Getting 3D models for footprint of: C18
11-29 19:04:48 com_github_MitjaNemec_Archive3DModels.archive_3d_models 59:Trying to copy: ${KICAD8_3DMODEL_DIR}/Capacitor_SMD.3dshapes/C_0805_2012Metric.wrl
11-29 19:04:48 com_github_MitjaNemec_Archive3DModels.archive_3d_models 139:Remapping: ${KICAD8_3DMODEL_DIR}/Capacitor_SMD.3dshapes/C_0805_2012Metric.wrl
11-29 19:04:48 com_github_MitjaNemec_Archive3DModels.archive_3d_models 47:Getting 3D models for footprint of: Q5
11-29 19:04:48 com_github_MitjaNemec_Archive3DModels.archive_3d_models 59:Trying to copy: ${KICAD8_3DMODEL_DIR}/Package_TO_SOT_THT.3dshapes/TO-220-3_Horizontal_TabDown.wrl
11-29 19:04:49 com_github_MitjaNemec_Archive3DModels.archive_3d_models 139:Remapping: ${KICAD8_3DMODEL_DIR}/Package_TO_SOT_THT.3dshapes/TO-220-3_Horizontal_TabDown.wrl
11-29 19:04:49 com_github_MitjaNemec_Archive3DModels.archive_3d_models 47:Getting 3D models for footprint of: C7
11-29 19:04:49 com_github_MitjaNemec_Archive3DModels.archive_3d_models 59:Trying to copy: ${KICAD8_3DMODEL_DIR}/Capacitor_SMD.3dshapes/C_0805_2012Metric.wrl
11-29 19:04:49 com_github_MitjaNemec_Archive3DModels.archive_3d_models 139:Remapping: ${KICAD8_3DMODEL_DIR}/Capacitor_SMD.3dshapes/C_0805_2012Metric.wrl
11-29 19:04:49 com_github_MitjaNemec_Archive3DModels.archive_3d_models 47:Getting 3D models for footprint of: C16
11-29 19:04:49 com_github_MitjaNemec_Archive3DModels.archive_3d_models 59:Trying to copy: ${KICAD8_3DMODEL_DIR}/Capacitor_SMD.3dshapes/C_0805_2012Metric.wrl
11-29 19:04:49 com_github_MitjaNemec_Archive3DModels.archive_3d_models 139:Remapping: ${KICAD8_3DMODEL_DIR}/Capacitor_SMD.3dshapes/C_0805_2012Metric.wrl
11-29 19:04:49 com_github_MitjaNemec_Archive3DModels.archive_3d_models 47:Getting 3D models for footprint of: R25
11-29 19:04:49 com_github_MitjaNemec_Archive3DModels.archive_3d_models 59:Trying to copy: ${KICAD8_3DMODEL_DIR}/Resistor_SMD.3dshapes/R_0603_1608Metric.wrl
11-29 19:04:49 com_github_MitjaNemec_Archive3DModels.archive_3d_models 139:Remapping: ${KICAD8_3DMODEL_DIR}/Resistor_SMD.3dshapes/R_0603_1608Metric.wrl
11-29 19:04:49 com_github_MitjaNemec_Archive3DModels.archive_3d_models 47:Getting 3D models for footprint of: R19
11-29 19:04:49 com_github_MitjaNemec_Archive3DModels.archive_3d_models 59:Trying to copy: ${KICAD8_3DMODEL_DIR}/Resistor_SMD.3dshapes/R_0603_1608Metric.wrl
11-29 19:04:49 com_github_MitjaNemec_Archive3DModels.archive_3d_models 139:Remapping: ${KICAD8_3DMODEL_DIR}/Resistor_SMD.3dshapes/R_0603_1608Metric.wrl
11-29 19:04:49 com_github_MitjaNemec_Archive3DModels.archive_3d_models 47:Getting 3D models for footprint of: J6
11-29 19:04:49 com_github_MitjaNemec_Archive3DModels.archive_3d_models 59:Trying to copy: ${KICAD8_3DMODEL_DIR}/Connector_PinHeader_2.54mm.3dshapes/PinHeader_1x04_P2.54mm_Vertical.wrl
11-29 19:04:49 com_github_MitjaNemec_Archive3DModels.archive_3d_models 139:Remapping: ${KICAD8_3DMODEL_DIR}/Connector_PinHeader_2.54mm.3dshapes/PinHeader_1x04_P2.54mm_Vertical.wrl
11-29 19:04:49 com_github_MitjaNemec_Archive3DModels.archive_3d_models 47:Getting 3D models for footprint of: R8
11-29 19:04:49 com_github_MitjaNemec_Archive3DModels.archive_3d_models 59:Trying to copy: ${KICAD8_3DMODEL_DIR}/Resistor_SMD.3dshapes/R_1206_3216Metric.wrl
11-29 19:04:49 com_github_MitjaNemec_Archive3DModels.archive_3d_models 139:Remapping: ${KICAD8_3DMODEL_DIR}/Resistor_SMD.3dshapes/R_1206_3216Metric.wrl
11-29 19:04:49 com_github_MitjaNemec_Archive3DModels.archive_3d_models 47:Getting 3D models for footprint of: C17
11-29 19:04:49 com_github_MitjaNemec_Archive3DModels.archive_3d_models 59:Trying to copy: ${KICAD8_3DMODEL_DIR}/Capacitor_SMD.3dshapes/C_0805_2012Metric.wrl
11-29 19:04:49 com_github_MitjaNemec_Archive3DModels.archive_3d_models 139:Remapping: ${KICAD8_3DMODEL_DIR}/Capacitor_SMD.3dshapes/C_0805_2012Metric.wrl
11-29 19:04:49 com_github_MitjaNemec_Archive3DModels.archive_3d_models 47:Getting 3D models for footprint of: R23
11-29 19:04:49 com_github_MitjaNemec_Archive3DModels.archive_3d_models 59:Trying to copy: ${KICAD8_3DMODEL_DIR}/Resistor_SMD.3dshapes/R_1206_3216Metric.wrl
11-29 19:04:49 com_github_MitjaNemec_Archive3DModels.archive_3d_models 139:Remapping: ${KICAD8_3DMODEL_DIR}/Resistor_SMD.3dshapes/R_1206_3216Metric.wrl
11-29 19:04:49 com_github_MitjaNemec_Archive3DModels.archive_3d_models 47:Getting 3D models for footprint of: C12
11-29 19:04:49 com_github_MitjaNemec_Archive3DModels.archive_3d_models 59:Trying to copy: ${KICAD8_3DMODEL_DIR}/Capacitor_SMD.3dshapes/C_0805_2012Metric.wrl
11-29 19:04:49 com_github_MitjaNemec_Archive3DModels.archive_3d_models 139:Remapping: ${KICAD8_3DMODEL_DIR}/Capacitor_SMD.3dshapes/C_0805_2012Metric.wrl
11-29 19:04:49 com_github_MitjaNemec_Archive3DModels.archive_3d_models 47:Getting 3D models for footprint of: U4
11-29 19:04:49 com_github_MitjaNemec_Archive3DModels.archive_3d_models 59:Trying to copy: ${KICAD8_3DMODEL_DIR}/Package_TO_SOT_SMD.3dshapes/SOT-223.wrl
11-29 19:04:49 com_github_MitjaNemec_Archive3DModels.archive_3d_models 139:Remapping: ${KICAD8_3DMODEL_DIR}/Package_TO_SOT_SMD.3dshapes/SOT-223.wrl
11-29 19:04:49 com_github_MitjaNemec_Archive3DModels.archive_3d_models 47:Getting 3D models for footprint of: U1
11-29 19:04:49 com_github_MitjaNemec_Archive3DModels.archive_3d_models 59:Trying to copy: ${KICAD8_3DMODEL_DIR}/Package_SO.3dshapes/TSSOP-20_4.4x6.5mm_P0.65mm.wrl
11-29 19:04:49 com_github_MitjaNemec_Archive3DModels.archive_3d_models 139:Remapping: ${KICAD8_3DMODEL_DIR}/Package_SO.3dshapes/TSSOP-20_4.4x6.5mm_P0.65mm.wrl
11-29 19:04:49 com_github_MitjaNemec_Archive3DModels.archive_3d_models 47:Getting 3D models for footprint of: R22
11-29 19:04:49 com_github_MitjaNemec_Archive3DModels.archive_3d_models 59:Trying to copy: ${KICAD8_3DMODEL_DIR}/Resistor_SMD.3dshapes/R_1206_3216Metric.wrl
11-29 19:04:49 com_github_MitjaNemec_Archive3DModels.archive_3d_models 139:Remapping: ${KICAD8_3DMODEL_DIR}/Resistor_SMD.3dshapes/R_1206_3216Metric.wrl
11-29 19:04:49 com_github_MitjaNemec_Archive3DModels.archive_3d_models 47:Getting 3D models for footprint of: R10
11-29 19:04:49 com_github_MitjaNemec_Archive3DModels.archive_3d_models 59:Trying to copy: ${KICAD8_3DMODEL_DIR}/Resistor_SMD.3dshapes/R_2512_6332Metric.wrl
11-29 19:04:50 com_github_MitjaNemec_Archive3DModels.archive_3d_models 139:Remapping: ${KICAD8_3DMODEL_DIR}/Resistor_SMD.3dshapes/R_2512_6332Metric.wrl
11-29 19:04:50 com_github_MitjaNemec_Archive3DModels.archive_3d_models 47:Getting 3D models for footprint of: C11
11-29 19:04:50 com_github_MitjaNemec_Archive3DModels.archive_3d_models 59:Trying to copy: ${KICAD8_3DMODEL_DIR}/Capacitor_SMD.3dshapes/C_0805_2012Metric.wrl
11-29 19:04:50 com_github_MitjaNemec_Archive3DModels.archive_3d_models 139:Remapping: ${KICAD8_3DMODEL_DIR}/Capacitor_SMD.3dshapes/C_0805_2012Metric.wrl
11-29 19:04:50 com_github_MitjaNemec_Archive3DModels.archive_3d_models 47:Getting 3D models for footprint of: D2
11-29 19:04:50 com_github_MitjaNemec_Archive3DModels.archive_3d_models 59:Trying to copy: ${KICAD8_3DMODEL_DIR}/Diode_SMD.3dshapes/D_SMB.wrl
11-29 19:04:50 com_github_MitjaNemec_Archive3DModels.archive_3d_models 139:Remapping: ${KICAD8_3DMODEL_DIR}/Diode_SMD.3dshapes/D_SMB.wrl
11-29 19:04:50 com_github_MitjaNemec_Archive3DModels.archive_3d_models 47:Getting 3D models for footprint of: R28
11-29 19:04:50 com_github_MitjaNemec_Archive3DModels.archive_3d_models 59:Trying to copy: ${KICAD8_3DMODEL_DIR}/Resistor_SMD.3dshapes/R_0603_1608Metric.wrl
11-29 19:04:50 com_github_MitjaNemec_Archive3DModels.archive_3d_models 139:Remapping: ${KICAD8_3DMODEL_DIR}/Resistor_SMD.3dshapes/R_0603_1608Metric.wrl
11-29 19:04:50 com_github_MitjaNemec_Archive3DModels.archive_3d_models 47:Getting 3D models for footprint of: R17
11-29 19:04:50 com_github_MitjaNemec_Archive3DModels.archive_3d_models 59:Trying to copy: ${KICAD8_3DMODEL_DIR}/Resistor_SMD.3dshapes/R_0603_1608Metric.wrl
11-29 19:04:50 com_github_MitjaNemec_Archive3DModels.archive_3d_models 139:Remapping: ${KICAD8_3DMODEL_DIR}/Resistor_SMD.3dshapes/R_0603_1608Metric.wrl
11-29 19:04:50 com_github_MitjaNemec_Archive3DModels.archive_3d_models 47:Getting 3D models for footprint of: C27
11-29 19:04:50 com_github_MitjaNemec_Archive3DModels.archive_3d_models 59:Trying to copy: ${KICAD8_3DMODEL_DIR}/Capacitor_SMD.3dshapes/C_0805_2012Metric.wrl
11-29 19:04:50 com_github_MitjaNemec_Archive3DModels.archive_3d_models 139:Remapping: ${KICAD8_3DMODEL_DIR}/Capacitor_SMD.3dshapes/C_0805_2012Metric.wrl
11-29 19:04:50 com_github_MitjaNemec_Archive3DModels.archive_3d_models 47:Getting 3D models for footprint of: C24
11-29 19:04:50 com_github_MitjaNemec_Archive3DModels.archive_3d_models 59:Trying to copy: ${KICAD8_3DMODEL_DIR}/Capacitor_SMD.3dshapes/C_0805_2012Metric.wrl
11-29 19:04:50 com_github_MitjaNemec_Archive3DModels.archive_3d_models 139:Remapping: ${KICAD8_3DMODEL_DIR}/Capacitor_SMD.3dshapes/C_0805_2012Metric.wrl
11-29 19:04:50 com_github_MitjaNemec_Archive3DModels.archive_3d_models 47:Getting 3D models for footprint of: C23
11-29 19:04:50 com_github_MitjaNemec_Archive3DModels.archive_3d_models 59:Trying to copy: ${KICAD8_3DMODEL_DIR}/Capacitor_SMD.3dshapes/C_0805_2012Metric.wrl
11-29 19:04:50 com_github_MitjaNemec_Archive3DModels.archive_3d_models 139:Remapping: ${KICAD8_3DMODEL_DIR}/Capacitor_SMD.3dshapes/C_0805_2012Metric.wrl
11-29 19:04:50 com_github_MitjaNemec_Archive3DModels.archive_3d_models 47:Getting 3D models for footprint of: D4
11-29 19:04:50 com_github_MitjaNemec_Archive3DModels.archive_3d_models 59:Trying to copy: ${KICAD8_3DMODEL_DIR}/Resistor_SMD.3dshapes/R_0805_2012Metric.wrl
11-29 19:04:50 com_github_MitjaNemec_Archive3DModels.archive_3d_models 139:Remapping: ${KICAD8_3DMODEL_DIR}/Resistor_SMD.3dshapes/R_0805_2012Metric.wrl
11-29 19:04:50 com_github_MitjaNemec_Archive3DModels.archive_3d_models 47:Getting 3D models for footprint of: J2
11-29 19:04:50 com_github_MitjaNemec_Archive3DModels.archive_3d_models 47:Getting 3D models for footprint of: R3
11-29 19:04:50 com_github_MitjaNemec_Archive3DModels.archive_3d_models 59:Trying to copy: ${KICAD8_3DMODEL_DIR}/Resistor_SMD.3dshapes/R_1206_3216Metric.wrl
11-29 19:04:50 com_github_MitjaNemec_Archive3DModels.archive_3d_models 139:Remapping: ${KICAD8_3DMODEL_DIR}/Resistor_SMD.3dshapes/R_1206_3216Metric.wrl
11-29 19:04:50 com_github_MitjaNemec_Archive3DModels.archive_3d_models 47:Getting 3D models for footprint of: C10
11-29 19:04:50 com_github_MitjaNemec_Archive3DModels.archive_3d_models 59:Trying to copy: ${KICAD8_3DMODEL_DIR}/Capacitor_SMD.3dshapes/C_0805_2012Metric.wrl
11-29 19:04:50 com_github_MitjaNemec_Archive3DModels.archive_3d_models 139:Remapping: ${KICAD8_3DMODEL_DIR}/Capacitor_SMD.3dshapes/C_0805_2012Metric.wrl
11-29 19:04:50 com_github_MitjaNemec_Archive3DModels.archive_3d_models 47:Getting 3D models for footprint of: C14
11-29 19:04:50 com_github_MitjaNemec_Archive3DModels.archive_3d_models 59:Trying to copy: ${KICAD8_3DMODEL_DIR}/Capacitor_SMD.3dshapes/C_1206_3216Metric.wrl
11-29 19:04:50 com_github_MitjaNemec_Archive3DModels.archive_3d_models 139:Remapping: ${KICAD8_3DMODEL_DIR}/Capacitor_SMD.3dshapes/C_1206_3216Metric.wrl
11-29 19:04:50 com_github_MitjaNemec_Archive3DModels.archive_3d_models 47:Getting 3D models for footprint of: Q1
11-29 19:04:50 com_github_MitjaNemec_Archive3DModels.archive_3d_models 59:Trying to copy: ${KICAD8_3DMODEL_DIR}/Package_TO_SOT_SMD.3dshapes/SOT-23.wrl
11-29 19:04:50 com_github_MitjaNemec_Archive3DModels.archive_3d_models 139:Remapping: ${KICAD8_3DMODEL_DIR}/Package_TO_SOT_SMD.3dshapes/SOT-23.wrl
11-29 19:04:50 com_github_MitjaNemec_Archive3DModels.archive_3d_models 47:Getting 3D models for footprint of: C22
11-29 19:04:50 com_github_MitjaNemec_Archive3DModels.archive_3d_models 59:Trying to copy: ${KICAD8_3DMODEL_DIR}/Capacitor_SMD.3dshapes/C_0603_1608Metric.wrl
11-29 19:04:50 com_github_MitjaNemec_Archive3DModels.archive_3d_models 139:Remapping: ${KICAD8_3DMODEL_DIR}/Capacitor_SMD.3dshapes/C_0603_1608Metric.wrl
11-29 19:04:50 com_github_MitjaNemec_Archive3DModels.archive_3d_models 153:Did not succeed to copy 3D models!
('L1', '${KICAD8_3DMODEL_DIR}\\Inductor_SMD.3dshapes\\L_7.3x7.3_H3.5.wrl')
